{"level":"info","component":"streams_table","old_width":0,"old_height":0,"requested_width":120,"requested_height":20,"final_width":120,"final_height":20,"streams_count":0,"max_height_limit":20,"min_height_limit":8,"time":"2025-07-23T10:42:23-04:00","caller":"/home/manuel/workspaces/2025-07-22/redis-monitor/go-go-labs/pkg/tui/widgets/streams_table.go:191","message":"SetSize called"}
{"level":"info","component":"streams_table","widget_width":120,"widget_height":20,"table_width":120,"table_height":18,"time":"2025-07-23T10:42:23-04:00","caller":"/home/manuel/workspaces/2025-07-22/redis-monitor/go-go-labs/pkg/tui/widgets/streams_table.go:243","message":"updateTableSize: setting table dimensions"}
{"level":"info","component":"streams_table","stream_col":30,"entries_col":37,"size_col":8,"groups_col":8,"lastid_col":10,"memory_col":12,"time":"2025-07-23T10:42:23-04:00","caller":"/home/manuel/workspaces/2025-07-22/redis-monitor/go-go-labs/pkg/tui/widgets/streams_table.go:269","message":"updateTableSize: column widths calculated"}
{"level":"info","component":"streams_table","stream_count":3,"time":"2025-07-23T10:42:23-04:00","caller":"/home/manuel/workspaces/2025-07-22/redis-monitor/go-go-labs/pkg/tui/widgets/streams_table.go:98","message":"DataUpdateMsg received"}
{"level":"debug","component":"streams_table","index":0,"name":"user_events","length":1500,"time":"2025-07-23T10:42:23-04:00","caller":"/home/manuel/workspaces/2025-07-22/redis-monitor/go-go-labs/pkg/tui/widgets/streams_table.go:100","message":"Stream data"}
{"level":"debug","component":"streams_table","index":1,"name":"analytics_data","length":8750,"time":"2025-07-23T10:42:23-04:00","caller":"/home/manuel/workspaces/2025-07-22/redis-monitor/go-go-labs/pkg/tui/widgets/streams_table.go:100","message":"Stream data"}
{"level":"debug","component":"streams_table","index":2,"name":"notifications","length":250,"time":"2025-07-23T10:42:23-04:00","caller":"/home/manuel/workspaces/2025-07-22/redis-monitor/go-go-labs/pkg/tui/widgets/streams_table.go:100","message":"Stream data"}
{"level":"info","component":"streams_table","stream_count":3,"time":"2025-07-23T10:42:23-04:00","caller":"/home/manuel/workspaces/2025-07-22/redis-monitor/go-go-labs/pkg/tui/widgets/streams_table.go:274","message":"updateTableRows called"}
{"level":"info","component":"streams_table","rows_created":3,"time":"2025-07-23T10:42:23-04:00","caller":"/home/manuel/workspaces/2025-07-22/redis-monitor/go-go-labs/pkg/tui/widgets/streams_table.go:312","message":"Setting table rows"}
{"level":"info","component":"streams_table","table_rows_after_set":3,"time":"2025-07-23T10:42:23-04:00","caller":"/home/manuel/workspaces/2025-07-22/redis-monitor/go-go-labs/pkg/tui/widgets/streams_table.go:314","message":"Table rows set complete"}
{"level":"info","component":"streams_table","streams_after_update":3,"table_rows":3,"time":"2025-07-23T10:42:23-04:00","caller":"/home/manuel/workspaces/2025-07-22/redis-monitor/go-go-labs/pkg/tui/widgets/streams_table.go:105","message":"Data update completed"}
{"level":"info","component":"streams_table","widget_width":120,"widget_height":20,"table_width":105,"table_height":19,"rendered_width":120,"rendered_height":20,"table_rows":3,"streams_count":3,"time":"2025-07-23T10:42:23-04:00","caller":"/home/manuel/workspaces/2025-07-22/redis-monitor/go-go-labs/pkg/tui/widgets/streams_table.go:168","message":"StreamsTable View() rendering"}
{"level":"info","component":"streams_table","old_width":0,"old_height":0,"requested_width":120,"requested_height":20,"final_width":120,"final_height":20,"streams_count":0,"max_height_limit":20,"min_height_limit":8,"time":"2025-07-23T10:42:37-04:00","caller":"/home/manuel/workspaces/2025-07-22/redis-monitor/go-go-labs/pkg/tui/widgets/streams_table.go:191","message":"SetSize called"}
{"level":"info","component":"streams_table","widget_width":120,"widget_height":20,"table_width":120,"table_height":18,"time":"2025-07-23T10:42:37-04:00","caller":"/home/manuel/workspaces/2025-07-22/redis-monitor/go-go-labs/pkg/tui/widgets/streams_table.go:243","message":"updateTableSize: setting table dimensions"}
{"level":"info","component":"streams_table","stream_col":30,"entries_col":37,"size_col":8,"groups_col":8,"lastid_col":10,"memory_col":12,"time":"2025-07-23T10:42:37-04:00","caller":"/home/manuel/workspaces/2025-07-22/redis-monitor/go-go-labs/pkg/tui/widgets/streams_table.go:269","message":"updateTableSize: column widths calculated"}
{"level":"info","component":"streams_table","stream_count":1,"time":"2025-07-23T10:42:37-04:00","caller":"/home/manuel/workspaces/2025-07-22/redis-monitor/go-go-labs/pkg/tui/widgets/streams_table.go:98","message":"DataUpdateMsg received"}
{"level":"debug","component":"streams_table","index":0,"name":"single_stream","length":1000,"time":"2025-07-23T10:42:37-04:00","caller":"/home/manuel/workspaces/2025-07-22/redis-monitor/go-go-labs/pkg/tui/widgets/streams_table.go:100","message":"Stream data"}
{"level":"info","component":"streams_table","stream_count":1,"time":"2025-07-23T10:42:37-04:00","caller":"/home/manuel/workspaces/2025-07-22/redis-monitor/go-go-labs/pkg/tui/widgets/streams_table.go:274","message":"updateTableRows called"}
{"level":"info","component":"streams_table","rows_created":1,"time":"2025-07-23T10:42:37-04:00","caller":"/home/manuel/workspaces/2025-07-22/redis-monitor/go-go-labs/pkg/tui/widgets/streams_table.go:312","message":"Setting table rows"}
{"level":"info","component":"streams_table","table_rows_after_set":1,"time":"2025-07-23T10:42:37-04:00","caller":"/home/manuel/workspaces/2025-07-22/redis-monitor/go-go-labs/pkg/tui/widgets/streams_table.go:314","message":"Table rows set complete"}
{"level":"info","component":"streams_table","streams_after_update":1,"table_rows":1,"time":"2025-07-23T10:42:37-04:00","caller":"/home/manuel/workspaces/2025-07-22/redis-monitor/go-go-labs/pkg/tui/widgets/streams_table.go:105","message":"Data update completed"}
{"level":"info","component":"streams_table","widget_width":120,"widget_height":20,"table_width":105,"table_height":19,"rendered_width":120,"rendered_height":20,"table_rows":1,"streams_count":1,"time":"2025-07-23T10:42:37-04:00","caller":"/home/manuel/workspaces/2025-07-22/redis-monitor/go-go-labs/pkg/tui/widgets/streams_table.go:168","message":"StreamsTable View() rendering"}
